[32m[Pascal][0m Running with ['cores', 'input', 'repetitions']
[32m[Pascal][0m Cores: 32 Input: 0 
[32m[Pascal][0m Total time 0.24083542823791504
[32m[Pascal][0m Cores: 32 Input: 1 
[32m[Pascal][0m Total time 0.0031890869140625
[32m[Pascal][0m Cores: 32 Input: 2 
[32m[Pascal][0m Total time 0.002707958221435547
[32m[Pascal][0m Cores: 32 Input: 3 
[32m[Pascal][0m Total time 0.0028536319732666016
[32m[Pascal][0m Cores: 32 Input: 4 
[32m[Pascal][0m Total time 0.0027642250061035156
[32m[Pascal][0m Cores: 32 Input: 5 
[32m[Pascal][0m Total time 0.0028204917907714844
[32m[Pascal][0m Cores: 32 Input: 6 
[32m[Pascal][0m Total time 0.0026738643646240234
[32m[Pascal][0m Cores: 32 Input: 7 
[32m[Pascal][0m Total time 0.002745389938354492
[32m[Pascal][0m Cores: 16 Input: 0 
[32m[Pascal][0m Total time 0.002691984176635742
[32m[Pascal][0m Cores: 16 Input: 1 
[32m[Pascal][0m Total time 0.0028145313262939453
[32m[Pascal][0m Cores: 16 Input: 2 
[32m[Pascal][0m Total time 0.002783060073852539
[32m[Pascal][0m Cores: 16 Input: 3 
[32m[Pascal][0m Total time 0.002840757369995117
[32m[Pascal][0m Cores: 16 Input: 4 
[32m[Pascal][0m Total time 0.0028276443481445312
[32m[Pascal][0m Cores: 16 Input: 5 
[32m[Pascal][0m Total time 0.0027055740356445312
[32m[Pascal][0m Cores: 16 Input: 6 
[32m[Pascal][0m Total time 0.002714395523071289
[32m[Pascal][0m Cores: 16 Input: 7 
[32m[Pascal][0m Total time 0.002703428268432617
[32m[Pascal][0m Cores: 8 Input: 0 
[32m[Pascal][0m Total time 0.002777099609375
[32m[Pascal][0m Cores: 8 Input: 1 
[32m[Pascal][0m Total time 0.002826213836669922
[32m[Pascal][0m Cores: 8 Input: 2 
[32m[Pascal][0m Total time 0.0028107166290283203
[32m[Pascal][0m Cores: 8 Input: 3 
[32m[Pascal][0m Total time 0.0027055740356445312
[32m[Pascal][0m Cores: 8 Input: 4 
[32m[Pascal][0m Total time 0.0027010440826416016
[32m[Pascal][0m Cores: 8 Input: 5 
[32m[Pascal][0m Total time 0.0027968883514404297
[32m[Pascal][0m Cores: 8 Input: 6 
[32m[Pascal][0m Total time 0.0026400089263916016
[32m[Pascal][0m Cores: 8 Input: 7 
[32m[Pascal][0m Total time 0.0026140213012695312
[32m[Pascal][0m Cores: 4 Input: 0 
[32m[Pascal][0m Total time 0.0027048587799072266
[32m[Pascal][0m Cores: 4 Input: 1 
[32m[Pascal][0m Total time 0.002693653106689453
[32m[Pascal][0m Cores: 4 Input: 2 
[32m[Pascal][0m Total time 0.0027518272399902344
[32m[Pascal][0m Cores: 4 Input: 3 
[32m[Pascal][0m Total time 0.0026433467864990234
[32m[Pascal][0m Cores: 4 Input: 4 
[32m[Pascal][0m Total time 0.0028641223907470703
[32m[Pascal][0m Cores: 4 Input: 5 
[32m[Pascal][0m Total time 0.0029234886169433594
[32m[Pascal][0m Cores: 4 Input: 6 
[32m[Pascal][0m Total time 0.0029747486114501953
[32m[Pascal][0m Cores: 4 Input: 7 
[32m[Pascal][0m Total time 0.0027556419372558594
[32m[Pascal][0m Cores: 2 Input: 0 
[32m[Pascal][0m Total time 0.002763509750366211
[32m[Pascal][0m Cores: 2 Input: 1 
[32m[Pascal][0m Total time 0.0028541088104248047
[32m[Pascal][0m Cores: 2 Input: 2 
[32m[Pascal][0m Total time 0.0028362274169921875
[32m[Pascal][0m Cores: 2 Input: 3 
[32m[Pascal][0m Total time 0.00298309326171875
[32m[Pascal][0m Cores: 2 Input: 4 
[32m[Pascal][0m Total time 0.002833843231201172
[32m[Pascal][0m Cores: 2 Input: 5 
[32m[Pascal][0m Total time 0.002742767333984375
[32m[Pascal][0m Cores: 2 Input: 6 
[32m[Pascal][0m Total time 0.0028853416442871094
[32m[Pascal][0m Cores: 2 Input: 7 
[32m[Pascal][0m Total time 0.0027761459350585938
[32m[Pascal][0m Cores: 1 Input: 0 
[32m[Pascal][0m Total time 0.0027425289154052734
[32m[Pascal][0m Cores: 1 Input: 1 
[32m[Pascal][0m Total time 0.0028290748596191406
[32m[Pascal][0m Cores: 1 Input: 2 
[32m[Pascal][0m Total time 0.012168169021606445
[32m[Pascal][0m Cores: 1 Input: 3 
[32m[Pascal][0m Total time 0.0028028488159179688
[32m[Pascal][0m Cores: 1 Input: 4 
[32m[Pascal][0m Total time 0.0027942657470703125
[32m[Pascal][0m Cores: 1 Input: 5 
[32m[Pascal][0m Total time 0.002756357192993164
[32m[Pascal][0m Cores: 1 Input: 6 
[32m[Pascal][0m Total time 0.002936124801635742
[32m[Pascal][0m Cores: 1 Input: 7 
[32m[Pascal][0m Total time 0.0029587745666503906
[32m[Pascal][0m ***** Done! *****
[32m[Pascal][0m Saving data
