[32m[Pascal][0m Running with ['cores', 'input', 'repetitions']
[32m[Pascal][0m Cores: 128 Input: 0 
[32m[Pascal][0m Total time 0.0041391849517822266
[32m[Pascal][0m Total time 0.002754688262939453
[32m[Pascal][0m Total time 0.0026552677154541016
[32m[Pascal][0m Total time 0.002644062042236328
[32m[Pascal][0m Total time 0.002924680709838867
[32m[Pascal][0m Cores: 128 Input: 1 
[32m[Pascal][0m Total time 0.002659320831298828
[32m[Pascal][0m Total time 0.002639293670654297
[32m[Pascal][0m Total time 0.0026123523712158203
[32m[Pascal][0m Total time 0.0026502609252929688
[32m[Pascal][0m Total time 0.0026886463165283203
[32m[Pascal][0m Cores: 128 Input: 2 
[32m[Pascal][0m Total time 0.002779722213745117
[32m[Pascal][0m Total time 0.0026001930236816406
[32m[Pascal][0m Total time 0.0025811195373535156
[32m[Pascal][0m Total time 0.002614736557006836
[32m[Pascal][0m Total time 0.00269317626953125
[32m[Pascal][0m Cores: 128 Input: 3 
[32m[Pascal][0m Total time 0.002722501754760742
[32m[Pascal][0m Total time 0.0025703907012939453
[32m[Pascal][0m Total time 0.002561330795288086
[32m[Pascal][0m Total time 0.0029082298278808594
[32m[Pascal][0m Total time 0.0026903152465820312
[32m[Pascal][0m Cores: 128 Input: 4 
[32m[Pascal][0m Total time 0.002577066421508789
[32m[Pascal][0m Total time 0.0027277469635009766
[32m[Pascal][0m Total time 0.0027458667755126953
[32m[Pascal][0m Total time 0.0026845932006835938
[32m[Pascal][0m Total time 0.002715587615966797
[32m[Pascal][0m Cores: 128 Input: 5 
[32m[Pascal][0m Total time 0.0025610923767089844
[32m[Pascal][0m Total time 0.0028722286224365234
[32m[Pascal][0m Total time 0.00270843505859375
[32m[Pascal][0m Total time 0.0026540756225585938
[32m[Pascal][0m Total time 0.0025506019592285156
[32m[Pascal][0m Cores: 128 Input: 6 
[32m[Pascal][0m Total time 0.0025773048400878906
[32m[Pascal][0m Total time 0.0026879310607910156
[32m[Pascal][0m Total time 0.0028994083404541016
[32m[Pascal][0m Total time 0.0028336048126220703
[32m[Pascal][0m Total time 0.002621889114379883
[32m[Pascal][0m Cores: 128 Input: 7 
[32m[Pascal][0m Total time 0.002676725387573242
[32m[Pascal][0m Total time 0.0028285980224609375
[32m[Pascal][0m Total time 0.0027780532836914062
[32m[Pascal][0m Total time 0.0027933120727539062
[32m[Pascal][0m Total time 0.0028638839721679688
[32m[Pascal][0m Cores: 64 Input: 0 
[32m[Pascal][0m Total time 0.002599954605102539
[32m[Pascal][0m Total time 0.0028488636016845703
[32m[Pascal][0m Total time 0.0029184818267822266
[32m[Pascal][0m Total time 0.002628803253173828
[32m[Pascal][0m Total time 0.0028879642486572266
[32m[Pascal][0m Cores: 64 Input: 1 
[32m[Pascal][0m Total time 0.0028176307678222656
[32m[Pascal][0m Total time 0.002752065658569336
[32m[Pascal][0m Total time 0.0027170181274414062
[32m[Pascal][0m Total time 0.002763986587524414
[32m[Pascal][0m Total time 0.002659320831298828
[32m[Pascal][0m Cores: 64 Input: 2 
[32m[Pascal][0m Total time 0.002631664276123047
[32m[Pascal][0m Total time 0.002567768096923828
[32m[Pascal][0m Total time 0.0028181076049804688
[32m[Pascal][0m Total time 0.002649545669555664
[32m[Pascal][0m Total time 0.0026345252990722656
[32m[Pascal][0m Cores: 64 Input: 3 
[32m[Pascal][0m Total time 0.0026998519897460938
[32m[Pascal][0m Total time 0.0027184486389160156
[32m[Pascal][0m Total time 0.002838134765625
[32m[Pascal][0m Total time 0.002635478973388672
[32m[Pascal][0m Total time 0.002557039260864258
[32m[Pascal][0m Cores: 64 Input: 4 
[32m[Pascal][0m Total time 0.002595663070678711
[32m[Pascal][0m Total time 0.0026497840881347656
[32m[Pascal][0m Total time 0.0028533935546875
[32m[Pascal][0m Total time 0.002658367156982422
[32m[Pascal][0m Total time 0.0026705265045166016
[32m[Pascal][0m Cores: 64 Input: 5 
[32m[Pascal][0m Total time 0.002791166305541992
[32m[Pascal][0m Total time 0.002637147903442383
[32m[Pascal][0m Total time 0.002586841583251953
[32m[Pascal][0m Total time 0.002710103988647461
[32m[Pascal][0m Total time 0.002647876739501953
[32m[Pascal][0m Cores: 64 Input: 6 
[32m[Pascal][0m Total time 0.002716064453125
[32m[Pascal][0m Total time 0.002689361572265625
[32m[Pascal][0m Total time 0.002601146697998047
[32m[Pascal][0m Total time 0.0026001930236816406
[32m[Pascal][0m Total time 0.0026526451110839844
[32m[Pascal][0m Cores: 64 Input: 7 
[32m[Pascal][0m Total time 0.0026502609252929688
[32m[Pascal][0m Total time 0.0027861595153808594
[32m[Pascal][0m Total time 0.0027313232421875
[32m[Pascal][0m Total time 0.0029473304748535156
[32m[Pascal][0m Total time 0.002710103988647461
[32m[Pascal][0m Cores: 32 Input: 0 
[32m[Pascal][0m Total time 0.0027747154235839844
[32m[Pascal][0m Total time 0.0026314258575439453
[32m[Pascal][0m Total time 0.0026214122772216797
[32m[Pascal][0m Total time 0.0028514862060546875
[32m[Pascal][0m Total time 0.0026509761810302734
[32m[Pascal][0m Cores: 32 Input: 1 
[32m[Pascal][0m Total time 0.0027618408203125
[32m[Pascal][0m Total time 0.0028715133666992188
[32m[Pascal][0m Total time 0.0025987625122070312
[32m[Pascal][0m Total time 0.0025298595428466797
[32m[Pascal][0m Total time 0.0027196407318115234
[32m[Pascal][0m Cores: 32 Input: 2 
[32m[Pascal][0m Total time 0.0029311180114746094
[32m[Pascal][0m Total time 0.0026748180389404297
[32m[Pascal][0m Total time 0.002735614776611328
[32m[Pascal][0m Total time 0.002623319625854492
[32m[Pascal][0m Total time 0.0026798248291015625
[32m[Pascal][0m Cores: 32 Input: 3 
[32m[Pascal][0m Total time 0.0027081966400146484
[32m[Pascal][0m Total time 0.0026121139526367188
[32m[Pascal][0m Total time 0.0026335716247558594
[32m[Pascal][0m Total time 0.0026597976684570312
[32m[Pascal][0m Total time 0.003061056137084961
[32m[Pascal][0m Cores: 32 Input: 4 
[32m[Pascal][0m Total time 0.0026597976684570312
[32m[Pascal][0m Total time 0.0025887489318847656
[32m[Pascal][0m Total time 0.0028502941131591797
[32m[Pascal][0m Total time 0.002706766128540039
[32m[Pascal][0m Total time 0.002575397491455078
[32m[Pascal][0m Cores: 32 Input: 5 
[32m[Pascal][0m Total time 0.002698659896850586
[32m[Pascal][0m Total time 0.00262451171875
[32m[Pascal][0m Total time 0.002693653106689453
[32m[Pascal][0m Total time 0.0026788711547851562
[32m[Pascal][0m Total time 0.0026535987854003906
[32m[Pascal][0m Cores: 32 Input: 6 
[32m[Pascal][0m Total time 0.0029032230377197266
[32m[Pascal][0m Total time 0.0025780200958251953
[32m[Pascal][0m Total time 0.002646207809448242
[32m[Pascal][0m Total time 0.0027496814727783203
[32m[Pascal][0m Total time 0.0026702880859375
[32m[Pascal][0m Cores: 32 Input: 7 
[32m[Pascal][0m Total time 0.002793550491333008
[32m[Pascal][0m Total time 0.003056764602661133
[32m[Pascal][0m Total time 0.002640247344970703
[32m[Pascal][0m Total time 0.002615213394165039
[32m[Pascal][0m Total time 0.0028150081634521484
[32m[Pascal][0m Cores: 16 Input: 0 
[32m[Pascal][0m Total time 0.0026984214782714844
[32m[Pascal][0m Total time 0.0027120113372802734
[32m[Pascal][0m Total time 0.002785921096801758
[32m[Pascal][0m Total time 0.002931356430053711
[32m[Pascal][0m Total time 0.0029091835021972656
[32m[Pascal][0m Cores: 16 Input: 1 
[32m[Pascal][0m Total time 0.002751588821411133
[32m[Pascal][0m Total time 0.0030221939086914062
[32m[Pascal][0m Total time 0.0029108524322509766
[32m[Pascal][0m Total time 0.002987384796142578
[32m[Pascal][0m Total time 0.003095388412475586
[32m[Pascal][0m Cores: 16 Input: 2 
[32m[Pascal][0m Total time 0.0028100013732910156
[32m[Pascal][0m Total time 0.0027828216552734375
[32m[Pascal][0m Total time 0.002712726593017578
[32m[Pascal][0m Total time 0.0029027462005615234
[32m[Pascal][0m Total time 0.002611398696899414
[32m[Pascal][0m Cores: 16 Input: 3 
[32m[Pascal][0m Total time 0.002902507781982422
[32m[Pascal][0m Total time 0.002923727035522461
[32m[Pascal][0m Total time 0.002697467803955078
[32m[Pascal][0m Total time 0.0030794143676757812
[32m[Pascal][0m Total time 0.0025720596313476562
[32m[Pascal][0m Cores: 16 Input: 4 
[32m[Pascal][0m Total time 0.0030412673950195312
[32m[Pascal][0m Total time 0.002815723419189453
[32m[Pascal][0m Total time 0.0029048919677734375
[32m[Pascal][0m Total time 0.0026366710662841797
[32m[Pascal][0m Total time 0.0028417110443115234
[32m[Pascal][0m Cores: 16 Input: 5 
[32m[Pascal][0m Total time 0.002814054489135742
[32m[Pascal][0m Total time 0.002695798873901367
[32m[Pascal][0m Total time 0.002889871597290039
[32m[Pascal][0m Total time 0.002683401107788086
[32m[Pascal][0m Total time 0.0026397705078125
[32m[Pascal][0m Cores: 16 Input: 6 
[32m[Pascal][0m Total time 0.0029320716857910156
[32m[Pascal][0m Total time 0.002611398696899414
[32m[Pascal][0m Total time 0.002725839614868164
[32m[Pascal][0m Total time 0.002866029739379883
[32m[Pascal][0m Total time 0.002813100814819336
[32m[Pascal][0m Cores: 16 Input: 7 
[32m[Pascal][0m Total time 0.0028715133666992188
[32m[Pascal][0m Total time 0.002646923065185547
[32m[Pascal][0m Total time 0.0028028488159179688
[32m[Pascal][0m Total time 0.0027048587799072266
[32m[Pascal][0m Total time 0.0026979446411132812
[32m[Pascal][0m Cores: 8 Input: 0 
[32m[Pascal][0m Total time 0.002746105194091797
[32m[Pascal][0m Total time 0.002591371536254883
[32m[Pascal][0m Total time 0.002635955810546875
[32m[Pascal][0m Total time 0.0027418136596679688
[32m[Pascal][0m Total time 0.0029020309448242188
[32m[Pascal][0m Cores: 8 Input: 1 
[32m[Pascal][0m Total time 0.0026924610137939453
[32m[Pascal][0m Total time 0.003004789352416992
[32m[Pascal][0m Total time 0.002649068832397461
[32m[Pascal][0m Total time 0.0025298595428466797
[32m[Pascal][0m Total time 0.0028486251831054688
[32m[Pascal][0m Cores: 8 Input: 2 
[32m[Pascal][0m Total time 0.0027360916137695312
[32m[Pascal][0m Total time 0.002713918685913086
[32m[Pascal][0m Total time 0.0028023719787597656
[32m[Pascal][0m Total time 0.0025758743286132812
[32m[Pascal][0m Total time 0.0025713443756103516
[32m[Pascal][0m Cores: 8 Input: 3 
[32m[Pascal][0m Total time 0.0027494430541992188
[32m[Pascal][0m Total time 0.002729177474975586
[32m[Pascal][0m Total time 0.002653360366821289
[32m[Pascal][0m Total time 0.0025854110717773438
[32m[Pascal][0m Total time 0.0028171539306640625
[32m[Pascal][0m Cores: 8 Input: 4 
[32m[Pascal][0m Total time 0.0027065277099609375
[32m[Pascal][0m Total time 0.002599000930786133
[32m[Pascal][0m Total time 0.002574443817138672
[32m[Pascal][0m Total time 0.0027806758880615234
[32m[Pascal][0m Total time 0.002675294876098633
[32m[Pascal][0m Cores: 8 Input: 5 
[32m[Pascal][0m Total time 0.002603769302368164
[32m[Pascal][0m Total time 0.002806425094604492
[32m[Pascal][0m Total time 0.002605915069580078
[32m[Pascal][0m Total time 0.0026047229766845703
[32m[Pascal][0m Total time 0.0026929378509521484
[32m[Pascal][0m Cores: 8 Input: 6 
[32m[Pascal][0m Total time 0.0028231143951416016
[32m[Pascal][0m Total time 0.0029211044311523438
[32m[Pascal][0m Total time 0.00290679931640625
[32m[Pascal][0m Total time 0.002670764923095703
[32m[Pascal][0m Total time 0.002859354019165039
[32m[Pascal][0m Cores: 8 Input: 7 
[32m[Pascal][0m Total time 0.0026903152465820312
[32m[Pascal][0m Total time 0.002640247344970703
[32m[Pascal][0m Total time 0.002737283706665039
[32m[Pascal][0m Total time 0.0026445388793945312
[32m[Pascal][0m Total time 0.0028259754180908203
[32m[Pascal][0m Cores: 4 Input: 0 
[32m[Pascal][0m Total time 0.0025374889373779297
[32m[Pascal][0m Total time 0.0025281906127929688
[32m[Pascal][0m Total time 0.002659320831298828
[32m[Pascal][0m Total time 0.0029888153076171875
[32m[Pascal][0m Total time 0.002631664276123047
[32m[Pascal][0m Cores: 4 Input: 1 
[32m[Pascal][0m Total time 0.0029571056365966797
[32m[Pascal][0m Total time 0.002726316452026367
[32m[Pascal][0m Total time 0.0030410289764404297
[32m[Pascal][0m Total time 0.002593517303466797
[32m[Pascal][0m Total time 0.0027246475219726562
[32m[Pascal][0m Cores: 4 Input: 2 
[32m[Pascal][0m Total time 0.0026216506958007812
[32m[Pascal][0m Total time 0.0026144981384277344
[32m[Pascal][0m Total time 0.0026586055755615234
[32m[Pascal][0m Total time 0.002753019332885742
[32m[Pascal][0m Total time 0.0028464794158935547
[32m[Pascal][0m Cores: 4 Input: 3 
[32m[Pascal][0m Total time 0.0025572776794433594
[32m[Pascal][0m Total time 0.002984285354614258
[32m[Pascal][0m Total time 0.0026292800903320312
[32m[Pascal][0m Total time 0.0026268959045410156
[32m[Pascal][0m Total time 0.0026688575744628906
[32m[Pascal][0m Cores: 4 Input: 4 
[32m[Pascal][0m Total time 0.0026459693908691406
[32m[Pascal][0m Total time 0.0030519962310791016
[32m[Pascal][0m Total time 0.0025856494903564453
[32m[Pascal][0m Total time 0.002702951431274414
[32m[Pascal][0m Total time 0.002671480178833008
[32m[Pascal][0m Cores: 4 Input: 5 
[32m[Pascal][0m Total time 0.002771139144897461
[32m[Pascal][0m Total time 0.002620220184326172
[32m[Pascal][0m Total time 0.002806425094604492
[32m[Pascal][0m Total time 0.002675294876098633
[32m[Pascal][0m Total time 0.0027112960815429688
[32m[Pascal][0m Cores: 4 Input: 6 
[32m[Pascal][0m Total time 0.0028069019317626953
[32m[Pascal][0m Total time 0.0030498504638671875
[32m[Pascal][0m Total time 0.0026350021362304688
[32m[Pascal][0m Total time 0.0028738975524902344
[32m[Pascal][0m Total time 0.0028848648071289062
[32m[Pascal][0m Cores: 4 Input: 7 
[32m[Pascal][0m Total time 0.0027060508728027344
[32m[Pascal][0m Total time 0.0028972625732421875
[32m[Pascal][0m Total time 0.0027081966400146484
[32m[Pascal][0m Total time 0.002750396728515625
[32m[Pascal][0m Total time 0.0026397705078125
[32m[Pascal][0m Cores: 2 Input: 0 
[32m[Pascal][0m Total time 0.0026645660400390625
[32m[Pascal][0m Total time 0.0027196407318115234
[32m[Pascal][0m Total time 0.002604961395263672
[32m[Pascal][0m Total time 0.002815723419189453
[32m[Pascal][0m Total time 0.002885580062866211
[32m[Pascal][0m Cores: 2 Input: 1 
[32m[Pascal][0m Total time 0.0028107166290283203
[32m[Pascal][0m Total time 0.0026891231536865234
[32m[Pascal][0m Total time 0.0031099319458007812
[32m[Pascal][0m Total time 0.002838611602783203
[32m[Pascal][0m Total time 0.0028977394104003906
[32m[Pascal][0m Cores: 2 Input: 2 
[32m[Pascal][0m Total time 0.002704620361328125
[32m[Pascal][0m Total time 0.002635478973388672
[32m[Pascal][0m Total time 0.00286102294921875
[32m[Pascal][0m Total time 0.0027894973754882812
[32m[Pascal][0m Total time 0.0028662681579589844
[32m[Pascal][0m Cores: 2 Input: 3 
[32m[Pascal][0m Total time 0.0028853416442871094
[32m[Pascal][0m Total time 0.002599000930786133
[32m[Pascal][0m Total time 0.002939939498901367
[32m[Pascal][0m Total time 0.0029315948486328125
[32m[Pascal][0m Total time 0.002761363983154297
[32m[Pascal][0m Cores: 2 Input: 4 
[32m[Pascal][0m Total time 0.002846956253051758
[32m[Pascal][0m Total time 0.0031583309173583984
[32m[Pascal][0m Total time 0.002715587615966797
[32m[Pascal][0m Total time 0.0026717185974121094
[32m[Pascal][0m Total time 0.002652883529663086
[32m[Pascal][0m Cores: 2 Input: 5 
[32m[Pascal][0m Total time 0.002840757369995117
[32m[Pascal][0m Total time 0.002924203872680664
[32m[Pascal][0m Total time 0.0027244091033935547
[32m[Pascal][0m Total time 0.00261688232421875
[32m[Pascal][0m Total time 0.0025949478149414062
[32m[Pascal][0m Cores: 2 Input: 6 
[32m[Pascal][0m Total time 0.003031492233276367
[32m[Pascal][0m Total time 0.0025925636291503906
[32m[Pascal][0m Total time 0.0027005672454833984
[32m[Pascal][0m Total time 0.0028760433197021484
[32m[Pascal][0m Total time 0.003095865249633789
[32m[Pascal][0m Cores: 2 Input: 7 
[32m[Pascal][0m Total time 0.0026726722717285156
[32m[Pascal][0m Total time 0.0025365352630615234
[32m[Pascal][0m Total time 0.0027544498443603516
[32m[Pascal][0m Total time 0.0026977062225341797
[32m[Pascal][0m Total time 0.002619028091430664
[32m[Pascal][0m Cores: 1 Input: 0 
[32m[Pascal][0m Total time 0.0026502609252929688
[32m[Pascal][0m Total time 0.0027065277099609375
[32m[Pascal][0m Total time 0.002647876739501953
[32m[Pascal][0m Total time 0.002672433853149414
[32m[Pascal][0m Total time 0.0026865005493164062
[32m[Pascal][0m Cores: 1 Input: 1 
[32m[Pascal][0m Total time 0.0026869773864746094
[32m[Pascal][0m Total time 0.002603292465209961
[32m[Pascal][0m Total time 0.0025801658630371094
[32m[Pascal][0m Total time 0.0028257369995117188
[32m[Pascal][0m Total time 0.002874612808227539
[32m[Pascal][0m Cores: 1 Input: 2 
[32m[Pascal][0m Total time 0.0028221607208251953
[32m[Pascal][0m Total time 0.002839803695678711
[32m[Pascal][0m Total time 0.0026640892028808594
[32m[Pascal][0m Total time 0.002788543701171875
[32m[Pascal][0m Total time 0.0028142929077148438
[32m[Pascal][0m Cores: 1 Input: 3 
[32m[Pascal][0m Total time 0.0026268959045410156
[32m[Pascal][0m Total time 0.0026679039001464844
[32m[Pascal][0m Total time 0.002782106399536133
[32m[Pascal][0m Total time 0.0027124881744384766
[32m[Pascal][0m Total time 0.0026807785034179688
[32m[Pascal][0m Cores: 1 Input: 4 
[32m[Pascal][0m Total time 0.002701997756958008
[32m[Pascal][0m Total time 0.002565145492553711
[32m[Pascal][0m Total time 0.0028874874114990234
[32m[Pascal][0m Total time 0.0027332305908203125
[32m[Pascal][0m Total time 0.0025703907012939453
[32m[Pascal][0m Cores: 1 Input: 5 
[32m[Pascal][0m Total time 0.002965688705444336
[32m[Pascal][0m Total time 0.0028519630432128906
[32m[Pascal][0m Total time 0.0027437210083007812
[32m[Pascal][0m Total time 0.0025811195373535156
[32m[Pascal][0m Total time 0.002753734588623047
[32m[Pascal][0m Cores: 1 Input: 6 
[32m[Pascal][0m Total time 0.002554655075073242
[32m[Pascal][0m Total time 0.0026078224182128906
[32m[Pascal][0m Total time 0.0025930404663085938
[32m[Pascal][0m Total time 0.0026683807373046875
[32m[Pascal][0m Total time 0.0032033920288085938
[32m[Pascal][0m Cores: 1 Input: 7 
[32m[Pascal][0m Total time 0.0027153491973876953
[32m[Pascal][0m Total time 0.0029296875
[32m[Pascal][0m Total time 0.0025784969329833984
[32m[Pascal][0m Total time 0.002812623977661133
[32m[Pascal][0m Total time 0.0026214122772216797
[32m[Pascal][0m ***** Done! *****
[32m[Pascal][0m Saving data
